<?xml version="1.0" encoding="UTF-8"?>
<!-- Generated by org.testng.reporters.JUnitReportReporter -->
<testsuite hostname="DESKTOP-V0CN4LJ" failures="0" tests="1" name="Main.RegisterTest" time="10.751" errors="0" timestamp="2022-03-23T12:16:28 IST" skipped="0">
  <testcase classname="Main.RegisterTest" name="registerTest" time="10.751"/>
  <system-out/>
</testsuite> <!-- Main.RegisterTest -->
