<?xml version="1.0" encoding="UTF-8"?>
<!-- Generated by org.testng.reporters.JUnitReportReporter -->
<testsuite hostname="DESKTOP-V0CN4LJ" failures="0" tests="1" name="Main.RegisterTest" time="12.309" errors="0" timestamp="2022-03-23T19:50:46 IST" skipped="0">
  <testcase classname="Main.RegisterTest" name="registerTest" time="12.309"/>
  <system-out/>
</testsuite> <!-- Main.RegisterTest -->
